[1733758049896] INFO  (ext): SQLTools is starting
[1733758049903] INFO  (ext): initializing language client...
[1733758049905] INFO  (ext): Registering client for languages [{"scheme":"sqltools"},{"language":"sql","scheme":"untitled"},{"language":"sql","scheme":"file"},{"language":"sql","scheme":"sqltools"}]
    ns: "lc"
[1733758049920] INFO  (ext): loading plugins...
[1733758049920] INFO  (ext): registering Formatter Plugin.
    plugin: {
      "name": "Formatter Plugin"
    }
[1733758049922] INFO  (ext): registering Connection Manager Plugin.
    plugin: {
      "name": "Connection Manager Plugin"
    }
[1733758049922] INFO  (ext): registering CodeLens Plugin.
    plugin: {
      "name": "CodeLens Plugin",
      "registeredLanguages": []
    }
[1733758049924] INFO  (ext): registering Dependency Manager Plugin.
    plugin: {
      "name": "Dependency Manager Plugin",
      "installingDrivers": []
    }
[1733758049929] INFO  (ext): Connection explorer changed. Will be updated.
    ns: "conn-man:explorer"
[1733758049930] INFO  (ext): registering History Manager Plugin.
    plugin: {
      "name": "History Manager Plugin"
    }
[1733758049931] INFO  (ext): registering Bookmarks Manager Plugin.
    plugin: {
      "name": "Bookmarks Manager Plugin"
    }
[1733758049932] INFO  (ext): registering Authentication Provider Plugin.
    plugin: {
      "name": "Authentication Provider Plugin",
      "isRegistered": false
    }
[1733758049932] INFO  (ext): registering Object Drop-in Provider (plugin).
    plugin: {
      "type": "plugin",
      "name": "Object Drop-in Provider",
      "isRegistered": false
    }
[1733758049935] INFO  (ext): SQLTools activation completed. 37.744658 ms
[1733758049935] INFO  (ext): Formatter Plugin registered!
[1733758049935] INFO  (ext): CodeLens Plugin registered!
[1733758049935] INFO  (ext): Dependency Manager Plugin registered!
[1733758049935] INFO  (ext): Connection Manager Plugin registered!
[1733758049935] INFO  (ext): History Manager Plugin registered!
[1733758049936] INFO  (ext): Bookmarks Manager Plugin registered!
[1733758049936] INFO  (ext): Authentication Provider Plugin registered!
[1733758049936] INFO  (ext): Object Drop-in Provider (plugin) registered!
[1733758050755] INFO  (ls): SQLTools Server started!
===============================
Using node runtime?: no
ExecPath: /usr/share/code/code 
===============================
[1733758050928] INFO  (ext): LanguageClient ready
    ns: "lc"
[1733758050927] INFO  (ls): Initialized with node version:v20.14.0
[1733758051084] INFO  (ext): EXECUTING COMMAND => sqltools.refreshTree
[1733758051084] INFO  (ext): Connection explorer changed. Will be updated.
    ns: "conn-man:explorer"
[1733758051307] INFO  (ext): registering MySQL/MariaDB/TiDB Plugin (driver).
    plugin: {
      "extensionId": "mtxr.sqltools-driver-mysql",
      "name": "MySQL/MariaDB/TiDB Plugin",
      "type": "driver"
    }
[1733758051315] INFO  (ext): registering PostgreSQL/Cockroach Plugin (driver).
    plugin: {
      "extensionId": "mtxr.sqltools-driver-pg",
      "name": "PostgreSQL/Cockroach Plugin",
      "type": "driver"
    }
[1733758051308] INFO  (ls): REQUEST RECEIVED => ls/RegisterPlugin
[1733758051309] INFO  (ls): request to register plugin: "/root/.vscode/extensions/mtxr.sqltools-driver-mysql-0.6.3/out/ls/plugin.js"
[1733758051782] INFO  (ls): Driver mysql registered!
    place: "driver-map"
    ns: "ls-context"
[1733758051783] INFO  (ls): Driver mariadb registered!
    place: "driver-map"
    ns: "ls-context"
[1733758051784] INFO  (ls): Driver tidb registered!
    place: "driver-map"
    ns: "ls-context"
[1733758051786] INFO  (ls): REQUEST RECEIVED => ls/RegisterPlugin
[1733758051786] INFO  (ls): request to register plugin: "/root/.vscode/extensions/mtxr.sqltools-driver-pg-0.5.4/out/ls/plugin.js"
[1733758051880] INFO  (ext): MySQL/MariaDB/TiDB Plugin (driver) registered!
[1733758051886] INFO  (ext): Connection explorer changed. Will be updated.
    ns: "conn-man:explorer"
[1733758051991] INFO  (ext): Connection explorer changed. Will be updated.
    ns: "conn-man:explorer"
[1733758051968] INFO  (ls): Driver postgresql registered!
    place: "driver-map"
    ns: "ls-context"
[1733758051968] INFO  (ls): Driver aws redshift registered!
    place: "driver-map"
    ns: "ls-context"
[1733758051969] INFO  (ls): Driver cockroachdb registered!
    place: "driver-map"
    ns: "ls-context"
[1733758051993] INFO  (ext): PostgreSQL/Cockroach Plugin (driver) registered!
[1733758053249] INFO  (ext): EXECUTING COMMAND => sqltools.refreshTree
[1733758053249] INFO  (ext): Connection explorer changed. Will be updated.
    ns: "conn-man:explorer"
[1733758059578] INFO  (ext): Connection explorer changed. Will be updated.
    ns: "conn-man:explorer"
[1733758060164] INFO  (ext): Connection explorer changed. Will be updated.
    ns: "conn-man:explorer"
[1733758171550] INFO  (ext): Connection explorer changed. Will be updated.
    ns: "conn-man:explorer"
[1733759065506] INFO  (ext): Connection explorer changed. Will be updated.
    ns: "conn-man:explorer"
