2024-12-10 20:19:33.392 [info] Reading sessions from keychain...
2024-12-10 20:19:33.392 [info] Getting sessions for all scopes...
2024-12-10 20:19:33.392 [info] Got 0 sessions for ...
2024-12-10 20:19:33.392 [info] Getting sessions for read:user,repo,user:email,workflow...
2024-12-10 20:19:33.392 [info] Got 0 sessions for read:user,repo,user:email,workflow...
2024-12-10 20:19:33.392 [info] Getting sessions for all scopes...
2024-12-10 20:19:33.392 [info] Got 0 sessions for ...
2024-12-10 20:19:33.392 [info] Getting sessions for all scopes...
2024-12-10 20:19:33.392 [info] Got 0 sessions for ...
2024-12-10 20:19:33.392 [info] Getting sessions for all scopes...
2024-12-10 20:19:33.392 [info] Got 0 sessions for ...
2024-12-10 20:19:33.392 [info] Getting sessions for read:user,repo,user:email,workflow...
2024-12-10 20:19:33.392 [info] Got 0 sessions for read:user,repo,user:email,workflow...
2024-12-10 20:19:33.392 [info] Getting sessions for read:user...
2024-12-10 20:19:33.392 [info] Got 0 sessions for read:user...
2024-12-10 20:19:33.392 [info] Getting sessions for user:email...
2024-12-10 20:19:33.392 [info] Got 0 sessions for user:email...
2024-12-10 20:19:33.392 [info] Getting sessions for read:user,repo,user:email,workflow...
2024-12-10 20:19:33.392 [info] Got 0 sessions for read:user,repo,user:email,workflow...
2024-12-10 20:19:33.510 [info] Getting sessions for user:email...
2024-12-10 20:19:33.511 [info] Got 0 sessions for user:email...
2024-12-10 20:19:33.760 [info] Getting sessions for all scopes...
2024-12-10 20:19:33.760 [info] Got 0 sessions for ...
2024-12-10 20:19:33.767 [info] Getting sessions for user:email...
2024-12-10 20:19:33.767 [info] Got 0 sessions for user:email...
2024-12-10 20:19:39.209 [info] Getting sessions for read:user,repo,user:email,workflow...
2024-12-10 20:19:39.209 [info] Got 0 sessions for read:user,repo,user:email,workflow...
2024-12-10 20:20:29.744 [info] Reading sessions from keychain...
2024-12-10 20:20:29.744 [info] Getting sessions for all scopes...
2024-12-10 20:20:29.744 [info] Got 0 sessions for ...
2024-12-10 20:20:29.744 [info] Getting sessions for read:user,repo,user:email,workflow...
2024-12-10 20:20:29.744 [info] Got 0 sessions for read:user,repo,user:email,workflow...
2024-12-10 20:20:29.744 [info] Getting sessions for all scopes...
2024-12-10 20:20:29.744 [info] Got 0 sessions for ...
2024-12-10 20:20:29.744 [info] Getting sessions for all scopes...
2024-12-10 20:20:29.744 [info] Got 0 sessions for ...
2024-12-10 20:20:29.744 [info] Getting sessions for all scopes...
2024-12-10 20:20:29.744 [info] Got 0 sessions for ...
2024-12-10 20:20:31.503 [info] Getting sessions for read:user...
2024-12-10 20:20:31.504 [info] Got 0 sessions for read:user...
2024-12-10 20:20:31.504 [info] Getting sessions for user:email...
2024-12-10 20:20:31.504 [info] Got 0 sessions for user:email...
2024-12-10 20:20:31.505 [info] Getting sessions for read:user,repo,user:email,workflow...
2024-12-10 20:20:31.505 [info] Got 0 sessions for read:user,repo,user:email,workflow...
2024-12-10 20:20:31.694 [info] Getting sessions for read:user,repo,user:email,workflow...
2024-12-10 20:20:31.694 [info] Got 0 sessions for read:user,repo,user:email,workflow...
2024-12-10 20:20:32.066 [info] Getting sessions for user:email...
2024-12-10 20:20:32.066 [info] Got 0 sessions for user:email...
2024-12-10 20:20:32.066 [info] Getting sessions for all scopes...
2024-12-10 20:20:32.067 [info] Got 0 sessions for ...
2024-12-10 20:20:32.339 [info] Getting sessions for user:email...
2024-12-10 20:20:32.339 [info] Got 0 sessions for user:email...
2024-12-10 20:20:32.339 [info] Getting sessions for read:user,repo,user:email,workflow...
2024-12-10 20:20:32.339 [info] Got 0 sessions for read:user,repo,user:email,workflow...
2024-12-10 20:35:31.692 [info] Getting sessions for all scopes...
2024-12-10 20:35:31.730 [info] Got 0 sessions for ...
2024-12-10 20:35:31.732 [info] Getting sessions for user:email...
2024-12-10 20:35:31.732 [info] Got 0 sessions for user:email...
2024-12-10 20:35:32.406 [info] Getting sessions for all scopes...
2024-12-10 20:35:32.406 [info] Got 0 sessions for ...
2024-12-10 20:35:32.416 [info] Getting sessions for user:email...
2024-12-10 20:35:32.416 [info] Got 0 sessions for user:email...
2024-12-10 20:50:31.785 [info] Getting sessions for all scopes...
2024-12-10 20:50:31.851 [info] Got 0 sessions for ...
2024-12-10 20:50:31.856 [info] Getting sessions for user:email...
2024-12-10 20:50:31.856 [info] Got 0 sessions for user:email...
2024-12-10 20:50:32.424 [info] Getting sessions for all scopes...
2024-12-10 20:50:32.424 [info] Got 0 sessions for ...
2024-12-10 20:50:32.426 [info] Getting sessions for user:email...
2024-12-10 20:50:32.427 [info] Got 0 sessions for user:email...
