[1733749069532] INFO  (ext): SQLTools is starting
[1733749069535] INFO  (ext): initializing language client...
[1733749069537] INFO  (ext): Registering client for languages [{"scheme":"sqltools"},{"language":"sql","scheme":"untitled"},{"language":"sql","scheme":"file"},{"language":"sql","scheme":"sqltools"}]
    ns: "lc"
[1733749069543] INFO  (ext): loading plugins...
[1733749069543] INFO  (ext): registering Formatter Plugin.
    plugin: {
      "name": "Formatter Plugin"
    }
[1733749069545] INFO  (ext): registering Connection Manager Plugin.
    plugin: {
      "name": "Connection Manager Plugin"
    }
[1733749069545] INFO  (ext): registering CodeLens Plugin.
    plugin: {
      "name": "CodeLens Plugin",
      "registeredLanguages": []
    }
[1733749069548] INFO  (ext): registering Dependency Manager Plugin.
    plugin: {
      "name": "Dependency Manager Plugin",
      "installingDrivers": []
    }
[1733749069554] INFO  (ext): Connection explorer changed. Will be updated.
    ns: "conn-man:explorer"
[1733749069555] INFO  (ext): registering History Manager Plugin.
    plugin: {
      "name": "History Manager Plugin"
    }
[1733749069556] INFO  (ext): registering Bookmarks Manager Plugin.
    plugin: {
      "name": "Bookmarks Manager Plugin"
    }
[1733749069557] INFO  (ext): registering Authentication Provider Plugin.
    plugin: {
      "name": "Authentication Provider Plugin",
      "isRegistered": false
    }
[1733749069560] INFO  (ext): registering Object Drop-in Provider (plugin).
    plugin: {
      "type": "plugin",
      "name": "Object Drop-in Provider",
      "isRegistered": false
    }
[1733749069562] INFO  (ext): SQLTools activation completed. 28.742956 ms
[1733749069562] INFO  (ext): Formatter Plugin registered!
[1733749069562] INFO  (ext): CodeLens Plugin registered!
[1733749069562] INFO  (ext): Dependency Manager Plugin registered!
[1733749069562] INFO  (ext): Connection Manager Plugin registered!
[1733749069563] INFO  (ext): History Manager Plugin registered!
[1733749069563] INFO  (ext): Bookmarks Manager Plugin registered!
[1733749069563] INFO  (ext): Authentication Provider Plugin registered!
[1733749069563] INFO  (ext): Object Drop-in Provider (plugin) registered!
[1733749069709] INFO  (ext): Connection explorer changed. Will be updated.
    ns: "conn-man:explorer"
[1733749070189] INFO  (ext): registering MySQL/MariaDB/TiDB Plugin (driver).
    plugin: {
      "extensionId": "mtxr.sqltools-driver-mysql",
      "name": "MySQL/MariaDB/TiDB Plugin",
      "type": "driver"
    }
[1733749070191] INFO  (ext): registering PostgreSQL/Cockroach Plugin (driver).
    plugin: {
      "extensionId": "mtxr.sqltools-driver-pg",
      "name": "PostgreSQL/Cockroach Plugin",
      "type": "driver"
    }
[1733749070117] INFO  (ls): SQLTools Server started!
===============================
Using node runtime?: no
ExecPath: /usr/share/code/code 
===============================
[1733749070199] INFO  (ext): LanguageClient ready
    ns: "lc"
[1733749070198] INFO  (ls): Initialized with node version:v20.14.0
[1733749070203] INFO  (ls): REQUEST RECEIVED => ls/RegisterPlugin
[1733749070204] INFO  (ls): request to register plugin: "/root/.vscode/extensions/mtxr.sqltools-driver-mysql-0.6.3/out/ls/plugin.js"
[1733749070380] INFO  (ext): Connection explorer changed. Will be updated.
    ns: "conn-man:explorer"
[1733749070515] INFO  (ls): Driver mysql registered!
    place: "driver-map"
    ns: "ls-context"
[1733749070516] INFO  (ls): Driver mariadb registered!
    place: "driver-map"
    ns: "ls-context"
[1733749070516] INFO  (ls): Driver tidb registered!
    place: "driver-map"
    ns: "ls-context"
[1733749070517] INFO  (ls): REQUEST RECEIVED => ls/RegisterPlugin
[1733749070517] INFO  (ls): request to register plugin: "/root/.vscode/extensions/mtxr.sqltools-driver-pg-0.5.4/out/ls/plugin.js"
[1733749070626] INFO  (ls): Driver postgresql registered!
    place: "driver-map"
    ns: "ls-context"
[1733749070626] INFO  (ls): Driver aws redshift registered!
    place: "driver-map"
    ns: "ls-context"
[1733749070626] INFO  (ls): Driver cockroachdb registered!
    place: "driver-map"
    ns: "ls-context"
[1733749071418] INFO  (ext): MySQL/MariaDB/TiDB Plugin (driver) registered!
[1733749071454] INFO  (ext): PostgreSQL/Cockroach Plugin (driver) registered!
[1733749071560] INFO  (ext): Connection explorer changed. Will be updated.
    ns: "conn-man:explorer"
[1733749072467] INFO  (ext): EXECUTING COMMAND => sqltools.refreshTree
[1733749072467] INFO  (ext): Connection explorer changed. Will be updated.
    ns: "conn-man:explorer"
[1733749072489] INFO  (ext): Connection explorer changed. Will be updated.
    ns: "conn-man:explorer"
[1733749079584] INFO  (ext): Connection explorer changed. Will be updated.
    ns: "conn-man:explorer"
[1733749259596] INFO  (ext): Connection explorer changed. Will be updated.
    ns: "conn-man:explorer"
[1733749259597] INFO  (ext): Connection explorer changed. Will be updated.
    ns: "conn-man:explorer"
[1733750589911] INFO  (ext): Connection explorer changed. Will be updated.
    ns: "conn-man:explorer"
[1733751055208] INFO  (ext): Connection explorer changed. Will be updated.
    ns: "conn-man:explorer"
