[Running] python -u "/home/blogger/Documents/Plp_Academy/python-week7/answer.py"
Traceback (most recent call last):
  File "/home/blogger/Documents/Plp_Academy/python-week7/answer.py", line 2, in <module>
    from sklearn.datasets import load_iris
ModuleNotFoundError: No module named 'sklearn'

[Done] exited with code=1 in 8.861 seconds

[Running] python -u "/home/blogger/Documents/Plp_Academy/python-week7/answer.py"
   Serial No.  GRE Score  TOEFL Score  ...  CGPA  Research  Chance of Admit 
0           1        337          118  ...  9.65         1              0.92
1           2        324          107  ...  8.87         1              0.76
2           3        316          104  ...  8.00         1              0.72
3           4        322          110  ...  8.67         1              0.80
4           5        314          103  ...  8.21         0              0.65

[5 rows x 9 columns]
<class 'pandas.core.frame.DataFrame'>
RangeIndex: 400 entries, 0 to 399
Data columns (total 9 columns):
 #   Column             Non-Null Count  Dtype  
---  ------             --------------  -----  
 0   Serial No.         400 non-null    int64  
 1   GRE Score          400 non-null    int64  
 2   TOEFL Score        400 non-null    int64  
 3   University Rating  400 non-null    int64  
 4   SOP                400 non-null    float64
 5   LOR                400 non-null    float64
 6   CGPA               400 non-null    float64
 7   Research           400 non-null    int64  
 8   Chance of Admit    400 non-null    float64
dtypes: float64(4), int64(5)
memory usage: 28.3 KB
None
Serial No.           0
GRE Score            0
TOEFL Score          0
University Rating    0
SOP                  0
LOR                  0
CGPA                 0
Research             0
Chance of Admit      0
dtype: int64

[Done] exited with code=0 in 1.299 seconds

[Running] python -u "/home/blogger/Documents/Plp_Academy/python-week7/answer.py"
   Serial No.  GRE Score  TOEFL Score  ...  CGPA  Research  Chance of Admit 
0           1        337          118  ...  9.65         1              0.92
1           2        324          107  ...  8.87         1              0.76
2           3        316          104  ...  8.00         1              0.72
3           4        322          110  ...  8.67         1              0.80
4           5        314          103  ...  8.21         0              0.65

[5 rows x 9 columns]
<class 'pandas.core.frame.DataFrame'>
RangeIndex: 400 entries, 0 to 399
Data columns (total 9 columns):
 #   Column             Non-Null Count  Dtype  
---  ------             --------------  -----  
 0   Serial No.         400 non-null    int64  
 1   GRE Score          400 non-null    int64  
 2   TOEFL Score        400 non-null    int64  
 3   University Rating  400 non-null    int64  
 4   SOP                400 non-null    float64
 5   LOR                400 non-null    float64
 6   CGPA               400 non-null    float64
 7   Research           400 non-null    int64  
 8   Chance of Admit    400 non-null    float64
dtypes: float64(4), int64(5)
memory usage: 28.3 KB
None
Serial No.           0
GRE Score            0
TOEFL Score          0
University Rating    0
SOP                  0
LOR                  0
CGPA                 0
Research             0
Chance of Admit      0
dtype: int64
       Serial No.   GRE Score  ...    Research  Chance of Admit 
count  400.000000  400.000000  ...  400.000000        400.000000
mean   200.500000  316.807500  ...    0.547500          0.724350
std    115.614301   11.473646  ...    0.498362          0.142609
min      1.000000  290.000000  ...    0.000000          0.340000
25%    100.750000  308.000000  ...    0.000000          0.640000
50%    200.500000  317.000000  ...    1.000000          0.730000
75%    300.250000  325.000000  ...    1.000000          0.830000
max    400.000000  340.000000  ...    1.000000          0.970000

[8 rows x 9 columns]

[Done] exited with code=0 in 0.939 seconds

[Running] python -u "/home/blogger/Documents/Plp_Academy/python-week7/answer.py"
   Serial No.  GRE Score  TOEFL Score  ...  CGPA  Research  Chance of Admit 
0           1        337          118  ...  9.65         1              0.92
1           2        324          107  ...  8.87         1              0.76
2           3        316          104  ...  8.00         1              0.72
3           4        322          110  ...  8.67         1              0.80
4           5        314          103  ...  8.21         0              0.65

[5 rows x 9 columns]
<class 'pandas.core.frame.DataFrame'>
RangeIndex: 400 entries, 0 to 399
Data columns (total 9 columns):
 #   Column             Non-Null Count  Dtype  
---  ------             --------------  -----  
 0   Serial No.         400 non-null    int64  
 1   GRE Score          400 non-null    int64  
 2   TOEFL Score        400 non-null    int64  
 3   University Rating  400 non-null    int64  
 4   SOP                400 non-null    float64
 5   LOR                400 non-null    float64
 6   CGPA               400 non-null    float64
 7   Research           400 non-null    int64  
 8   Chance of Admit    400 non-null    float64
dtypes: float64(4), int64(5)
memory usage: 28.3 KB
None
Serial No.           0
GRE Score            0
TOEFL Score          0
University Rating    0
SOP                  0
LOR                  0
CGPA                 0
Research             0
Chance of Admit      0
dtype: int64
       Serial No.   GRE Score  ...    Research  Chance of Admit 
count  400.000000  400.000000  ...  400.000000        400.000000
mean   200.500000  316.807500  ...    0.547500          0.724350
std    115.614301   11.473646  ...    0.498362          0.142609
min      1.000000  290.000000  ...    0.000000          0.340000
25%    100.750000  308.000000  ...    0.000000          0.640000
50%    200.500000  317.000000  ...    1.000000          0.730000
75%    300.250000  325.000000  ...    1.000000          0.830000
max    400.000000  340.000000  ...    1.000000          0.970000

[8 rows x 9 columns]

[Done] exited with code=0 in 0.81 seconds

[Running] python -u "/home/blogger/Documents/Plp_Academy/python-week7/linechart.py"
Matplotlib is building the font cache; this may take a moment.
Traceback (most recent call last):
  File "/home/blogger/Documents/Plp_Academy/python-week7/linechart.py", line 2, in <module>
    import seaborn as sns
ModuleNotFoundError: No module named 'seaborn'

[Done] exited with code=1 in 12.998 seconds

[Running] python -u "/home/blogger/Documents/Plp_Academy/python-week7/linechart.py"
Traceback (most recent call last):
  File "/home/blogger/Documents/Plp_Academy/python-week7/linechart.py", line 2, in <module>
    import seaborn as sns
ModuleNotFoundError: No module named 'seaborn'

[Done] exited with code=1 in 0.983 seconds

[Running] python -u "/home/blogger/Documents/Plp_Academy/python-week7/linechart.py"
   Serial No.  GRE Score  TOEFL Score  ...  CGPA  Research  Chance of Admit 
0           1        337          118  ...  9.65         1              0.92
1           2        324          107  ...  8.87         1              0.76
2           3        316          104  ...  8.00         1              0.72
3           4        322          110  ...  8.67         1              0.80
4           5        314          103  ...  8.21         0              0.65

[5 rows x 9 columns]
<class 'pandas.core.frame.DataFrame'>
RangeIndex: 400 entries, 0 to 399
Data columns (total 9 columns):
 #   Column             Non-Null Count  Dtype  
---  ------             --------------  -----  
 0   Serial No.         400 non-null    int64  
 1   GRE Score          400 non-null    int64  
 2   TOEFL Score        400 non-null    int64  
 3   University Rating  400 non-null    int64  
 4   SOP                400 non-null    float64
 5   LOR                400 non-null    float64
 6   CGPA               400 non-null    float64
 7   Research           400 non-null    int64  
 8   Chance of Admit    400 non-null    float64
dtypes: float64(4), int64(5)
memory usage: 28.3 KB
None
Serial No.           0
GRE Score            0
TOEFL Score          0
University Rating    0
SOP                  0
LOR                  0
CGPA                 0
Research             0
Chance of Admit      0
dtype: int64
       Serial No.   GRE Score  ...    Research  Chance of Admit 
count  400.000000  400.000000  ...  400.000000        400.000000
mean   200.500000  316.807500  ...    0.547500          0.724350
std    115.614301   11.473646  ...    0.498362          0.142609
min      1.000000  290.000000  ...    0.000000          0.340000
25%    100.750000  308.000000  ...    0.000000          0.640000
50%    200.500000  317.000000  ...    1.000000          0.730000
75%    300.250000  325.000000  ...    1.000000          0.830000
max    400.000000  340.000000  ...    1.000000          0.970000

[8 rows x 9 columns]
Traceback (most recent call last):
  File "/home/blogger/Documents/Plp_Academy/python-week7/linechart.py", line 2, in <module>
    from answer import df
  File "/home/blogger/Documents/Plp_Academy/python-week7/answer.py", line 20, in <module>
    mean_admit_chance = df.groupby('Reserch')['Chance of Admit '].mean()
                        ^^^^^^^^^^^^^^^^^^^^^
  File "/usr/lib/python3/dist-packages/pandas/core/frame.py", line 8869, in groupby
    return DataFrameGroupBy(
           ^^^^^^^^^^^^^^^^^
  File "/usr/lib/python3/dist-packages/pandas/core/groupby/groupby.py", line 1278, in __init__
    grouper, exclusions, obj = get_grouper(
                               ^^^^^^^^^^^^
  File "/usr/lib/python3/dist-packages/pandas/core/groupby/grouper.py", line 1009, in get_grouper
    raise KeyError(gpr)
KeyError: 'Reserch'

[Done] exited with code=1 in 1.986 seconds

