[1733861953844] INFO  (ext): SQLTools is starting
[1733861954761] INFO  (ext): initializing language client...
[1733861954762] INFO  (ext): Registering client for languages [{"scheme":"sqltools"},{"language":"sql","scheme":"untitled"},{"language":"sql","scheme":"file"},{"language":"sql","scheme":"sqltools"}]
    ns: "lc"
[1733861954766] INFO  (ext): loading plugins...
[1733861954766] INFO  (ext): registering Formatter Plugin.
    plugin: {
      "name": "Formatter Plugin"
    }
[1733861954767] INFO  (ext): registering Connection Manager Plugin.
    plugin: {
      "name": "Connection Manager Plugin"
    }
[1733861954767] INFO  (ext): registering CodeLens Plugin.
    plugin: {
      "name": "CodeLens Plugin",
      "registeredLanguages": []
    }
[1733861954769] INFO  (ext): registering Dependency Manager Plugin.
    plugin: {
      "name": "Dependency Manager Plugin",
      "installingDrivers": []
    }
[1733861954772] INFO  (ext): Connection explorer changed. Will be updated.
    ns: "conn-man:explorer"
[1733861954773] INFO  (ext): registering History Manager Plugin.
    plugin: {
      "name": "History Manager Plugin"
    }
[1733861954773] INFO  (ext): registering Bookmarks Manager Plugin.
    plugin: {
      "name": "Bookmarks Manager Plugin"
    }
[1733861955101] INFO  (ext): registering Authentication Provider Plugin.
    plugin: {
      "name": "Authentication Provider Plugin",
      "isRegistered": false
    }
[1733861955101] INFO  (ext): registering Object Drop-in Provider (plugin).
    plugin: {
      "type": "plugin",
      "name": "Object Drop-in Provider",
      "isRegistered": false
    }
[1733861955103] INFO  (ext): SQLTools activation completed. 1258.045394 ms
[1733861955103] INFO  (ext): Formatter Plugin registered!
[1733861955103] INFO  (ext): CodeLens Plugin registered!
[1733861955103] INFO  (ext): Dependency Manager Plugin registered!
[1733861955103] INFO  (ext): Connection Manager Plugin registered!
[1733861955103] INFO  (ext): History Manager Plugin registered!
[1733861955103] INFO  (ext): Bookmarks Manager Plugin registered!
[1733861955103] INFO  (ext): Authentication Provider Plugin registered!
[1733861955103] INFO  (ext): Object Drop-in Provider (plugin) registered!
[1733861956748] INFO  (ls): SQLTools Server started!
===============================
Using node runtime?: no
ExecPath: /usr/share/code/code 
===============================
[1733861958930] INFO  (ext): LanguageClient ready
    ns: "lc"
[1733861958939] INFO  (ext): EXECUTING COMMAND => sqltools.refreshTree
[1733861958939] INFO  (ext): Connection explorer changed. Will be updated.
    ns: "conn-man:explorer"
[1733861958940] INFO  (ext): Connection explorer changed. Will be updated.
    ns: "conn-man:explorer"
[1733861958926] INFO  (ls): Initialized with node version:v20.14.0
[1733861959204] INFO  (ext): registering MySQL/MariaDB/TiDB Plugin (driver).
    plugin: {
      "extensionId": "mtxr.sqltools-driver-mysql",
      "name": "MySQL/MariaDB/TiDB Plugin",
      "type": "driver"
    }
[1733861959206] INFO  (ext): registering PostgreSQL/Cockroach Plugin (driver).
    plugin: {
      "extensionId": "mtxr.sqltools-driver-pg",
      "name": "PostgreSQL/Cockroach Plugin",
      "type": "driver"
    }
[1733861959206] INFO  (ls): REQUEST RECEIVED => ls/RegisterPlugin
[1733861959207] INFO  (ls): request to register plugin: "/root/.vscode/extensions/mtxr.sqltools-driver-mysql-0.6.3/out/ls/plugin.js"
[1733861960481] INFO  (ext): EXECUTING COMMAND => sqltools.refreshTree
[1733861960481] INFO  (ext): Connection explorer changed. Will be updated.
    ns: "conn-man:explorer"
[1733861960296] INFO  (ls): Driver mysql registered!
    place: "driver-map"
    ns: "ls-context"
[1733861960298] INFO  (ls): Driver mariadb registered!
    place: "driver-map"
    ns: "ls-context"
[1733861960299] INFO  (ls): Driver tidb registered!
    place: "driver-map"
    ns: "ls-context"
[1733861960308] INFO  (ls): REQUEST RECEIVED => ls/RegisterPlugin
[1733861960308] INFO  (ls): request to register plugin: "/root/.vscode/extensions/mtxr.sqltools-driver-pg-0.5.4/out/ls/plugin.js"
[1733861960444] INFO  (ls): Driver postgresql registered!
    place: "driver-map"
    ns: "ls-context"
[1733861960444] INFO  (ls): Driver aws redshift registered!
    place: "driver-map"
    ns: "ls-context"
[1733861960445] INFO  (ls): Driver cockroachdb registered!
    place: "driver-map"
    ns: "ls-context"
[1733861963313] INFO  (ext): MySQL/MariaDB/TiDB Plugin (driver) registered!
[1733861969831] INFO  (ext): PostgreSQL/Cockroach Plugin (driver) registered!
[1733861970713] INFO  (ext): Connection explorer changed. Will be updated.
    ns: "conn-man:explorer"
[1733861972096] INFO  (ext): EXECUTING COMMAND => sqltools.refreshTree
[1733861972096] INFO  (ext): Connection explorer changed. Will be updated.
    ns: "conn-man:explorer"
[1733861973187] INFO  (ext): Connection explorer changed. Will be updated.
    ns: "conn-man:explorer"
