2024-12-10 20:19:03.993 [error] [/root/.vscode/extensions/katsute.code-background-3.0.1]: Extension is not compatible with Code 1.92.2. Extension requires: ^1.93.0.
2024-12-10 20:19:03.995 [error] [/root/.vscode/extensions/katsute.code-background-3.0.2]: Extension is not compatible with Code 1.92.2. Extension requires: ^1.93.0.
2024-12-10 20:19:04.000 [error] [/root/.vscode/extensions/mechatroner.rainbow-csv-3.13.0]: Extension is not compatible with Code 1.92.2. Extension requires: ^1.95.0.
2024-12-10 20:19:04.377 [error] [/root/.vscode/extensions/ms-python.python-2024.16.0-linux-x64]: Extension is not compatible with Code 1.92.2. Extension requires: ^1.94.0-20240918.
2024-12-10 20:19:04.380 [error] [/root/.vscode/extensions/ms-python.python-2024.16.1-linux-x64]: Extension is not compatible with Code 1.92.2. Extension requires: ^1.94.0-20240918.
2024-12-10 20:19:04.387 [error] [/root/.vscode/extensions/ms-python.python-2024.18.1-linux-x64]: Extension is not compatible with Code 1.92.2. Extension requires: ^1.94.0-20240918.
2024-12-10 20:19:04.390 [error] [/root/.vscode/extensions/ms-python.python-2024.20.0-linux-x64]: Extension is not compatible with Code 1.92.2. Extension requires: ^1.94.0-20240918.
2024-12-10 20:19:04.451 [error] [/root/.vscode/extensions/katsute.code-background-3.0.1]: Extension is not compatible with Code 1.92.2. Extension requires: ^1.93.0.
2024-12-10 20:19:04.533 [error] [/root/.vscode/extensions/katsute.code-background-3.0.2]: Extension is not compatible with Code 1.92.2. Extension requires: ^1.93.0.
2024-12-10 20:19:04.533 [error] [/root/.vscode/extensions/mechatroner.rainbow-csv-3.13.0]: Extension is not compatible with Code 1.92.2. Extension requires: ^1.95.0.
2024-12-10 20:19:04.603 [error] [/root/.vscode/extensions/ms-python.python-2024.16.0-linux-x64]: Extension is not compatible with Code 1.92.2. Extension requires: ^1.94.0-20240918.
2024-12-10 20:19:04.605 [error] [/root/.vscode/extensions/ms-python.python-2024.16.1-linux-x64]: Extension is not compatible with Code 1.92.2. Extension requires: ^1.94.0-20240918.
2024-12-10 20:19:04.607 [error] [/root/.vscode/extensions/ms-python.python-2024.18.1-linux-x64]: Extension is not compatible with Code 1.92.2. Extension requires: ^1.94.0-20240918.
2024-12-10 20:19:04.616 [error] [/root/.vscode/extensions/ms-python.python-2024.20.0-linux-x64]: Extension is not compatible with Code 1.92.2. Extension requires: ^1.94.0-20240918.
2024-12-10 20:19:05.789 [error] [/root/.vscode/extensions/katsute.code-background-3.0.1]: Extension is not compatible with Code 1.92.2. Extension requires: ^1.93.0.
2024-12-10 20:19:05.791 [error] [/root/.vscode/extensions/katsute.code-background-3.0.2]: Extension is not compatible with Code 1.92.2. Extension requires: ^1.93.0.
2024-12-10 20:19:05.795 [error] [/root/.vscode/extensions/mechatroner.rainbow-csv-3.13.0]: Extension is not compatible with Code 1.92.2. Extension requires: ^1.95.0.
2024-12-10 20:19:05.820 [error] [/root/.vscode/extensions/ms-python.python-2024.16.0-linux-x64]: Extension is not compatible with Code 1.92.2. Extension requires: ^1.94.0-20240918.
2024-12-10 20:19:05.829 [error] [/root/.vscode/extensions/ms-python.python-2024.16.1-linux-x64]: Extension is not compatible with Code 1.92.2. Extension requires: ^1.94.0-20240918.
2024-12-10 20:19:05.835 [error] [/root/.vscode/extensions/ms-python.python-2024.18.1-linux-x64]: Extension is not compatible with Code 1.92.2. Extension requires: ^1.94.0-20240918.
2024-12-10 20:19:05.843 [error] [/root/.vscode/extensions/ms-python.python-2024.20.0-linux-x64]: Extension is not compatible with Code 1.92.2. Extension requires: ^1.94.0-20240918.
2024-12-10 20:19:05.994 [error] [/root/.vscode/extensions/katsute.code-background-3.0.1]: Extension is not compatible with Code 1.92.2. Extension requires: ^1.93.0.
2024-12-10 20:19:05.995 [error] [/root/.vscode/extensions/katsute.code-background-3.0.2]: Extension is not compatible with Code 1.92.2. Extension requires: ^1.93.0.
2024-12-10 20:19:06.002 [error] [/root/.vscode/extensions/mechatroner.rainbow-csv-3.13.0]: Extension is not compatible with Code 1.92.2. Extension requires: ^1.95.0.
2024-12-10 20:19:06.017 [error] [/root/.vscode/extensions/ms-python.python-2024.16.0-linux-x64]: Extension is not compatible with Code 1.92.2. Extension requires: ^1.94.0-20240918.
2024-12-10 20:19:06.021 [error] [/root/.vscode/extensions/ms-python.python-2024.16.1-linux-x64]: Extension is not compatible with Code 1.92.2. Extension requires: ^1.94.0-20240918.
2024-12-10 20:19:06.022 [error] [/root/.vscode/extensions/ms-python.python-2024.18.1-linux-x64]: Extension is not compatible with Code 1.92.2. Extension requires: ^1.94.0-20240918.
2024-12-10 20:19:06.023 [error] [/root/.vscode/extensions/ms-python.python-2024.20.0-linux-x64]: Extension is not compatible with Code 1.92.2. Extension requires: ^1.94.0-20240918.
2024-12-10 20:19:07.048 [error] [/root/.vscode/extensions/katsute.code-background-3.0.1]: Extension is not compatible with Code 1.92.2. Extension requires: ^1.93.0.
2024-12-10 20:19:07.051 [error] [/root/.vscode/extensions/katsute.code-background-3.0.2]: Extension is not compatible with Code 1.92.2. Extension requires: ^1.93.0.
2024-12-10 20:19:07.058 [error] [/root/.vscode/extensions/mechatroner.rainbow-csv-3.13.0]: Extension is not compatible with Code 1.92.2. Extension requires: ^1.95.0.
2024-12-10 20:19:07.138 [error] [/root/.vscode/extensions/ms-python.python-2024.16.0-linux-x64]: Extension is not compatible with Code 1.92.2. Extension requires: ^1.94.0-20240918.
2024-12-10 20:19:07.144 [error] [/root/.vscode/extensions/ms-python.python-2024.16.1-linux-x64]: Extension is not compatible with Code 1.92.2. Extension requires: ^1.94.0-20240918.
2024-12-10 20:19:07.147 [error] [/root/.vscode/extensions/ms-python.python-2024.18.1-linux-x64]: Extension is not compatible with Code 1.92.2. Extension requires: ^1.94.0-20240918.
2024-12-10 20:19:07.151 [error] [/root/.vscode/extensions/ms-python.python-2024.20.0-linux-x64]: Extension is not compatible with Code 1.92.2. Extension requires: ^1.94.0-20240918.
2024-12-10 20:19:07.599 [error] [/root/.vscode/extensions/katsute.code-background-3.0.1]: Extension is not compatible with Code 1.92.2. Extension requires: ^1.93.0.
2024-12-10 20:19:07.603 [error] [/root/.vscode/extensions/katsute.code-background-3.0.2]: Extension is not compatible with Code 1.92.2. Extension requires: ^1.93.0.
2024-12-10 20:19:07.610 [error] [/root/.vscode/extensions/mechatroner.rainbow-csv-3.13.0]: Extension is not compatible with Code 1.92.2. Extension requires: ^1.95.0.
2024-12-10 20:19:07.643 [error] [/root/.vscode/extensions/ms-python.python-2024.16.0-linux-x64]: Extension is not compatible with Code 1.92.2. Extension requires: ^1.94.0-20240918.
2024-12-10 20:19:07.648 [error] [/root/.vscode/extensions/ms-python.python-2024.16.1-linux-x64]: Extension is not compatible with Code 1.92.2. Extension requires: ^1.94.0-20240918.
2024-12-10 20:19:07.658 [error] [/root/.vscode/extensions/ms-python.python-2024.18.1-linux-x64]: Extension is not compatible with Code 1.92.2. Extension requires: ^1.94.0-20240918.
2024-12-10 20:19:07.662 [error] [/root/.vscode/extensions/ms-python.python-2024.20.0-linux-x64]: Extension is not compatible with Code 1.92.2. Extension requires: ^1.94.0-20240918.
2024-12-10 20:19:08.039 [error] [/root/.vscode/extensions/katsute.code-background-3.0.1]: Extension is not compatible with Code 1.92.2. Extension requires: ^1.93.0.
2024-12-10 20:19:08.039 [error] [/root/.vscode/extensions/katsute.code-background-3.0.2]: Extension is not compatible with Code 1.92.2. Extension requires: ^1.93.0.
2024-12-10 20:19:08.047 [error] [/root/.vscode/extensions/mechatroner.rainbow-csv-3.13.0]: Extension is not compatible with Code 1.92.2. Extension requires: ^1.95.0.
2024-12-10 20:19:08.057 [error] [/root/.vscode/extensions/ms-python.python-2024.16.0-linux-x64]: Extension is not compatible with Code 1.92.2. Extension requires: ^1.94.0-20240918.
2024-12-10 20:19:08.070 [error] [/root/.vscode/extensions/ms-python.python-2024.16.1-linux-x64]: Extension is not compatible with Code 1.92.2. Extension requires: ^1.94.0-20240918.
2024-12-10 20:19:08.075 [error] [/root/.vscode/extensions/ms-python.python-2024.18.1-linux-x64]: Extension is not compatible with Code 1.92.2. Extension requires: ^1.94.0-20240918.
2024-12-10 20:19:08.077 [error] [/root/.vscode/extensions/ms-python.python-2024.20.0-linux-x64]: Extension is not compatible with Code 1.92.2. Extension requires: ^1.94.0-20240918.
2024-12-10 20:19:08.523 [error] [/root/.vscode/extensions/katsute.code-background-3.0.1]: Extension is not compatible with Code 1.92.2. Extension requires: ^1.93.0.
2024-12-10 20:19:08.526 [error] [/root/.vscode/extensions/katsute.code-background-3.0.2]: Extension is not compatible with Code 1.92.2. Extension requires: ^1.93.0.
2024-12-10 20:19:08.532 [error] [/root/.vscode/extensions/mechatroner.rainbow-csv-3.13.0]: Extension is not compatible with Code 1.92.2. Extension requires: ^1.95.0.
2024-12-10 20:19:08.542 [error] [/root/.vscode/extensions/ms-python.python-2024.16.0-linux-x64]: Extension is not compatible with Code 1.92.2. Extension requires: ^1.94.0-20240918.
2024-12-10 20:19:08.545 [error] [/root/.vscode/extensions/ms-python.python-2024.18.1-linux-x64]: Extension is not compatible with Code 1.92.2. Extension requires: ^1.94.0-20240918.
2024-12-10 20:19:08.552 [error] [/root/.vscode/extensions/ms-python.python-2024.20.0-linux-x64]: Extension is not compatible with Code 1.92.2. Extension requires: ^1.94.0-20240918.
2024-12-10 20:19:08.554 [error] [/root/.vscode/extensions/ms-python.python-2024.16.1-linux-x64]: Extension is not compatible with Code 1.92.2. Extension requires: ^1.94.0-20240918.
2024-12-10 20:19:08.837 [error] [/root/.vscode/extensions/katsute.code-background-3.0.1]: Extension is not compatible with Code 1.92.2. Extension requires: ^1.93.0.
2024-12-10 20:19:08.837 [error] [/root/.vscode/extensions/katsute.code-background-3.0.2]: Extension is not compatible with Code 1.92.2. Extension requires: ^1.93.0.
2024-12-10 20:19:08.848 [error] [/root/.vscode/extensions/mechatroner.rainbow-csv-3.13.0]: Extension is not compatible with Code 1.92.2. Extension requires: ^1.95.0.
2024-12-10 20:19:08.878 [error] [/root/.vscode/extensions/ms-python.python-2024.16.0-linux-x64]: Extension is not compatible with Code 1.92.2. Extension requires: ^1.94.0-20240918.
2024-12-10 20:19:08.883 [error] [/root/.vscode/extensions/ms-python.python-2024.16.1-linux-x64]: Extension is not compatible with Code 1.92.2. Extension requires: ^1.94.0-20240918.
2024-12-10 20:19:08.888 [error] [/root/.vscode/extensions/ms-python.python-2024.18.1-linux-x64]: Extension is not compatible with Code 1.92.2. Extension requires: ^1.94.0-20240918.
2024-12-10 20:19:08.889 [error] [/root/.vscode/extensions/ms-python.python-2024.20.0-linux-x64]: Extension is not compatible with Code 1.92.2. Extension requires: ^1.94.0-20240918.
2024-12-10 20:19:09.247 [error] [/root/.vscode/extensions/katsute.code-background-3.0.1]: Extension is not compatible with Code 1.92.2. Extension requires: ^1.93.0.
2024-12-10 20:19:09.249 [error] [/root/.vscode/extensions/katsute.code-background-3.0.2]: Extension is not compatible with Code 1.92.2. Extension requires: ^1.93.0.
2024-12-10 20:19:09.253 [error] [/root/.vscode/extensions/mechatroner.rainbow-csv-3.13.0]: Extension is not compatible with Code 1.92.2. Extension requires: ^1.95.0.
2024-12-10 20:19:09.264 [error] [/root/.vscode/extensions/ms-python.python-2024.16.0-linux-x64]: Extension is not compatible with Code 1.92.2. Extension requires: ^1.94.0-20240918.
2024-12-10 20:19:09.266 [error] [/root/.vscode/extensions/ms-python.python-2024.16.1-linux-x64]: Extension is not compatible with Code 1.92.2. Extension requires: ^1.94.0-20240918.
2024-12-10 20:19:09.273 [error] [/root/.vscode/extensions/ms-python.python-2024.18.1-linux-x64]: Extension is not compatible with Code 1.92.2. Extension requires: ^1.94.0-20240918.
2024-12-10 20:19:09.284 [error] [/root/.vscode/extensions/ms-python.python-2024.20.0-linux-x64]: Extension is not compatible with Code 1.92.2. Extension requires: ^1.94.0-20240918.
2024-12-10 20:19:09.644 [error] [/root/.vscode/extensions/katsute.code-background-3.0.1]: Extension is not compatible with Code 1.92.2. Extension requires: ^1.93.0.
2024-12-10 20:19:09.648 [error] [/root/.vscode/extensions/katsute.code-background-3.0.2]: Extension is not compatible with Code 1.92.2. Extension requires: ^1.93.0.
2024-12-10 20:19:09.653 [error] [/root/.vscode/extensions/mechatroner.rainbow-csv-3.13.0]: Extension is not compatible with Code 1.92.2. Extension requires: ^1.95.0.
2024-12-10 20:19:09.678 [error] [/root/.vscode/extensions/ms-python.python-2024.16.0-linux-x64]: Extension is not compatible with Code 1.92.2. Extension requires: ^1.94.0-20240918.
2024-12-10 20:19:09.696 [error] [/root/.vscode/extensions/ms-python.python-2024.16.1-linux-x64]: Extension is not compatible with Code 1.92.2. Extension requires: ^1.94.0-20240918.
2024-12-10 20:19:09.700 [error] [/root/.vscode/extensions/ms-python.python-2024.18.1-linux-x64]: Extension is not compatible with Code 1.92.2. Extension requires: ^1.94.0-20240918.
2024-12-10 20:19:09.726 [error] [/root/.vscode/extensions/ms-python.python-2024.20.0-linux-x64]: Extension is not compatible with Code 1.92.2. Extension requires: ^1.94.0-20240918.
2024-12-10 20:19:11.202 [error] [/root/.vscode/extensions/katsute.code-background-3.0.1]: Extension is not compatible with Code 1.92.2. Extension requires: ^1.93.0.
2024-12-10 20:19:11.205 [error] [/root/.vscode/extensions/katsute.code-background-3.0.2]: Extension is not compatible with Code 1.92.2. Extension requires: ^1.93.0.
2024-12-10 20:19:11.210 [error] [/root/.vscode/extensions/mechatroner.rainbow-csv-3.13.0]: Extension is not compatible with Code 1.92.2. Extension requires: ^1.95.0.
2024-12-10 20:19:11.235 [error] [/root/.vscode/extensions/ms-python.python-2024.16.0-linux-x64]: Extension is not compatible with Code 1.92.2. Extension requires: ^1.94.0-20240918.
2024-12-10 20:19:11.237 [error] [/root/.vscode/extensions/ms-python.python-2024.16.1-linux-x64]: Extension is not compatible with Code 1.92.2. Extension requires: ^1.94.0-20240918.
2024-12-10 20:19:11.241 [error] [/root/.vscode/extensions/ms-python.python-2024.18.1-linux-x64]: Extension is not compatible with Code 1.92.2. Extension requires: ^1.94.0-20240918.
2024-12-10 20:19:11.249 [error] [/root/.vscode/extensions/ms-python.python-2024.20.0-linux-x64]: Extension is not compatible with Code 1.92.2. Extension requires: ^1.94.0-20240918.
2024-12-10 20:19:11.365 [error] [/root/.vscode/extensions/katsute.code-background-3.0.1]: Extension is not compatible with Code 1.92.2. Extension requires: ^1.93.0.
2024-12-10 20:19:11.366 [error] [/root/.vscode/extensions/katsute.code-background-3.0.2]: Extension is not compatible with Code 1.92.2. Extension requires: ^1.93.0.
2024-12-10 20:19:11.370 [error] [/root/.vscode/extensions/mechatroner.rainbow-csv-3.13.0]: Extension is not compatible with Code 1.92.2. Extension requires: ^1.95.0.
2024-12-10 20:19:11.378 [error] [/root/.vscode/extensions/ms-python.python-2024.16.0-linux-x64]: Extension is not compatible with Code 1.92.2. Extension requires: ^1.94.0-20240918.
2024-12-10 20:19:11.382 [error] [/root/.vscode/extensions/ms-python.python-2024.16.1-linux-x64]: Extension is not compatible with Code 1.92.2. Extension requires: ^1.94.0-20240918.
2024-12-10 20:19:11.384 [error] [/root/.vscode/extensions/ms-python.python-2024.18.1-linux-x64]: Extension is not compatible with Code 1.92.2. Extension requires: ^1.94.0-20240918.
2024-12-10 20:19:11.388 [error] [/root/.vscode/extensions/ms-python.python-2024.20.0-linux-x64]: Extension is not compatible with Code 1.92.2. Extension requires: ^1.94.0-20240918.
2024-12-10 20:19:11.532 [error] [/root/.vscode/extensions/katsute.code-background-3.0.1]: Extension is not compatible with Code 1.92.2. Extension requires: ^1.93.0.
2024-12-10 20:19:11.535 [error] [/root/.vscode/extensions/katsute.code-background-3.0.2]: Extension is not compatible with Code 1.92.2. Extension requires: ^1.93.0.
2024-12-10 20:19:11.539 [error] [/root/.vscode/extensions/mechatroner.rainbow-csv-3.13.0]: Extension is not compatible with Code 1.92.2. Extension requires: ^1.95.0.
2024-12-10 20:19:11.550 [error] [/root/.vscode/extensions/ms-python.python-2024.16.0-linux-x64]: Extension is not compatible with Code 1.92.2. Extension requires: ^1.94.0-20240918.
2024-12-10 20:19:11.553 [error] [/root/.vscode/extensions/ms-python.python-2024.16.1-linux-x64]: Extension is not compatible with Code 1.92.2. Extension requires: ^1.94.0-20240918.
2024-12-10 20:19:11.554 [error] [/root/.vscode/extensions/ms-python.python-2024.18.1-linux-x64]: Extension is not compatible with Code 1.92.2. Extension requires: ^1.94.0-20240918.
2024-12-10 20:19:11.556 [error] [/root/.vscode/extensions/ms-python.python-2024.20.0-linux-x64]: Extension is not compatible with Code 1.92.2. Extension requires: ^1.94.0-20240918.
2024-12-10 20:19:17.017 [info] Getting Manifest... katsute.code-background
2024-12-10 20:19:17.019 [info] Getting Manifest... mechatroner.rainbow-csv
2024-12-10 20:19:17.021 [info] Getting Manifest... ms-python.python
2024-12-10 20:19:17.100 [info] Installing extension: mechatroner.rainbow-csv {"productVersion":{"version":"1.95.3","date":"2024-11-13T14:51:32.275Z"},"pinned":false,"isApplicationScoped":false,"profileLocation":{"$mid":1,"external":"vscode-userdata:/root/.vscode/extensions/extensions.json","path":"/root/.vscode/extensions/extensions.json","scheme":"vscode-userdata"},"installOnlyNewlyAddedFromExtensionPack":true}
2024-12-10 20:19:17.139 [info] Installing extension: katsute.code-background {"productVersion":{"version":"1.95.3","date":"2024-11-13T14:51:32.275Z"},"pinned":false,"isApplicationScoped":false,"profileLocation":{"$mid":1,"external":"vscode-userdata:/root/.vscode/extensions/extensions.json","path":"/root/.vscode/extensions/extensions.json","scheme":"vscode-userdata"},"installOnlyNewlyAddedFromExtensionPack":true}
2024-12-10 20:19:17.149 [info] Installing extension: ms-python.python {"productVersion":{"version":"1.95.3","date":"2024-11-13T14:51:32.275Z"},"pinned":false,"isApplicationScoped":false,"profileLocation":{"$mid":1,"external":"vscode-userdata:/root/.vscode/extensions/extensions.json","path":"/root/.vscode/extensions/extensions.json","scheme":"vscode-userdata"},"installOnlyNewlyAddedFromExtensionPack":true}
2024-12-10 20:19:18.692 [error] [/root/.vscode/extensions/katsute.code-background-3.0.1]: Extension is not compatible with Code 1.92.2. Extension requires: ^1.93.0.
2024-12-10 20:19:18.693 [error] [/root/.vscode/extensions/katsute.code-background-3.0.2]: Extension is not compatible with Code 1.92.2. Extension requires: ^1.93.0.
2024-12-10 20:19:18.707 [error] [/root/.vscode/extensions/mechatroner.rainbow-csv-3.13.0]: Extension is not compatible with Code 1.92.2. Extension requires: ^1.95.0.
2024-12-10 20:19:18.769 [error] [/root/.vscode/extensions/ms-python.python-2024.16.0-linux-x64]: Extension is not compatible with Code 1.92.2. Extension requires: ^1.94.0-20240918.
2024-12-10 20:19:18.776 [error] [/root/.vscode/extensions/ms-python.python-2024.16.1-linux-x64]: Extension is not compatible with Code 1.92.2. Extension requires: ^1.94.0-20240918.
2024-12-10 20:19:18.777 [error] [/root/.vscode/extensions/ms-python.python-2024.18.1-linux-x64]: Extension is not compatible with Code 1.92.2. Extension requires: ^1.94.0-20240918.
2024-12-10 20:19:18.782 [error] [/root/.vscode/extensions/ms-python.python-2024.20.0-linux-x64]: Extension is not compatible with Code 1.92.2. Extension requires: ^1.94.0-20240918.
2024-12-10 20:19:18.791 [error] [/root/.vscode/extensions/katsute.code-background-3.0.1]: Extension is not compatible with Code 1.92.2. Extension requires: ^1.93.0.
2024-12-10 20:19:18.792 [error] [/root/.vscode/extensions/katsute.code-background-3.0.2]: Extension is not compatible with Code 1.92.2. Extension requires: ^1.93.0.
2024-12-10 20:19:18.799 [error] [/root/.vscode/extensions/mechatroner.rainbow-csv-3.13.0]: Extension is not compatible with Code 1.92.2. Extension requires: ^1.95.0.
2024-12-10 20:19:18.809 [error] Error while installing the extension mechatroner.rainbow-csv Cannot read the extension from /root/.vscode/extensions/mechatroner.rainbow-csv-3.13.0 vscode-userdata:/root/.vscode/extensions/extensions.json
2024-12-10 20:19:18.823 [error] [/root/.vscode/extensions/ms-python.python-2024.16.0-linux-x64]: Extension is not compatible with Code 1.92.2. Extension requires: ^1.94.0-20240918.
2024-12-10 20:19:18.825 [error] [/root/.vscode/extensions/ms-python.python-2024.16.1-linux-x64]: Extension is not compatible with Code 1.92.2. Extension requires: ^1.94.0-20240918.
2024-12-10 20:19:18.829 [error] [/root/.vscode/extensions/ms-python.python-2024.18.1-linux-x64]: Extension is not compatible with Code 1.92.2. Extension requires: ^1.94.0-20240918.
2024-12-10 20:19:18.831 [error] [/root/.vscode/extensions/ms-python.python-2024.20.0-linux-x64]: Extension is not compatible with Code 1.92.2. Extension requires: ^1.94.0-20240918.
2024-12-10 20:19:18.862 [error] Error while installing the extension katsute.code-background Cannot read the extension from /root/.vscode/extensions/katsute.code-background-3.0.2 vscode-userdata:/root/.vscode/extensions/extensions.json
2024-12-10 20:19:18.933 [error] [/root/.vscode/extensions/katsute.code-background-3.0.1]: Extension is not compatible with Code 1.92.2. Extension requires: ^1.93.0.
2024-12-10 20:19:18.937 [error] [/root/.vscode/extensions/katsute.code-background-3.0.2]: Extension is not compatible with Code 1.92.2. Extension requires: ^1.93.0.
2024-12-10 20:19:18.940 [error] [/root/.vscode/extensions/mechatroner.rainbow-csv-3.13.0]: Extension is not compatible with Code 1.92.2. Extension requires: ^1.95.0.
2024-12-10 20:19:18.958 [error] [/root/.vscode/extensions/ms-python.python-2024.16.0-linux-x64]: Extension is not compatible with Code 1.92.2. Extension requires: ^1.94.0-20240918.
2024-12-10 20:19:18.959 [error] [/root/.vscode/extensions/ms-python.python-2024.16.1-linux-x64]: Extension is not compatible with Code 1.92.2. Extension requires: ^1.94.0-20240918.
2024-12-10 20:19:18.964 [error] [/root/.vscode/extensions/ms-python.python-2024.18.1-linux-x64]: Extension is not compatible with Code 1.92.2. Extension requires: ^1.94.0-20240918.
2024-12-10 20:19:18.967 [error] [/root/.vscode/extensions/ms-python.python-2024.20.0-linux-x64]: Extension is not compatible with Code 1.92.2. Extension requires: ^1.94.0-20240918.
2024-12-10 20:19:18.978 [error] Error while installing the extension ms-python.python Cannot read the extension from /root/.vscode/extensions/ms-python.python-2024.20.0-linux-x64 vscode-userdata:/root/.vscode/extensions/extensions.json
2024-12-10 20:20:10.435 [error] [/root/.vscode/extensions/katsute.code-background-3.0.1]: Extension is not compatible with Code 1.92.2. Extension requires: ^1.93.0.
2024-12-10 20:20:10.435 [error] [/root/.vscode/extensions/katsute.code-background-3.0.2]: Extension is not compatible with Code 1.92.2. Extension requires: ^1.93.0.
2024-12-10 20:20:10.475 [error] [/root/.vscode/extensions/mechatroner.rainbow-csv-3.13.0]: Extension is not compatible with Code 1.92.2. Extension requires: ^1.95.0.
2024-12-10 20:20:10.476 [error] [/root/.vscode/extensions/ms-python.python-2024.16.0-linux-x64]: Extension is not compatible with Code 1.92.2. Extension requires: ^1.94.0-20240918.
2024-12-10 20:20:10.477 [error] [/root/.vscode/extensions/ms-python.python-2024.16.1-linux-x64]: Extension is not compatible with Code 1.92.2. Extension requires: ^1.94.0-20240918.
2024-12-10 20:20:10.477 [error] [/root/.vscode/extensions/ms-python.python-2024.18.1-linux-x64]: Extension is not compatible with Code 1.92.2. Extension requires: ^1.94.0-20240918.
2024-12-10 20:20:10.478 [error] [/root/.vscode/extensions/ms-python.python-2024.20.0-linux-x64]: Extension is not compatible with Code 1.92.2. Extension requires: ^1.94.0-20240918.
2024-12-10 20:20:13.206 [error] [/root/.vscode/extensions/katsute.code-background-3.0.1]: Extension is not compatible with Code 1.92.2. Extension requires: ^1.93.0.
2024-12-10 20:20:13.206 [error] [/root/.vscode/extensions/katsute.code-background-3.0.2]: Extension is not compatible with Code 1.92.2. Extension requires: ^1.93.0.
2024-12-10 20:20:13.213 [error] [/root/.vscode/extensions/mechatroner.rainbow-csv-3.13.0]: Extension is not compatible with Code 1.92.2. Extension requires: ^1.95.0.
2024-12-10 20:20:13.466 [error] [/root/.vscode/extensions/ms-python.python-2024.16.0-linux-x64]: Extension is not compatible with Code 1.92.2. Extension requires: ^1.94.0-20240918.
2024-12-10 20:20:13.472 [error] [/root/.vscode/extensions/ms-python.python-2024.16.1-linux-x64]: Extension is not compatible with Code 1.92.2. Extension requires: ^1.94.0-20240918.
2024-12-10 20:20:13.474 [error] [/root/.vscode/extensions/ms-python.python-2024.18.1-linux-x64]: Extension is not compatible with Code 1.92.2. Extension requires: ^1.94.0-20240918.
2024-12-10 20:20:13.483 [error] [/root/.vscode/extensions/ms-python.python-2024.20.0-linux-x64]: Extension is not compatible with Code 1.92.2. Extension requires: ^1.94.0-20240918.
2024-12-10 20:20:15.477 [error] [/root/.vscode/extensions/katsute.code-background-3.0.1]: Extension is not compatible with Code 1.92.2. Extension requires: ^1.93.0.
2024-12-10 20:20:15.498 [error] [/root/.vscode/extensions/katsute.code-background-3.0.2]: Extension is not compatible with Code 1.92.2. Extension requires: ^1.93.0.
2024-12-10 20:20:15.498 [error] [/root/.vscode/extensions/mechatroner.rainbow-csv-3.13.0]: Extension is not compatible with Code 1.92.2. Extension requires: ^1.95.0.
2024-12-10 20:20:15.571 [error] [/root/.vscode/extensions/ms-python.python-2024.16.0-linux-x64]: Extension is not compatible with Code 1.92.2. Extension requires: ^1.94.0-20240918.
2024-12-10 20:20:15.608 [error] [/root/.vscode/extensions/ms-python.python-2024.16.1-linux-x64]: Extension is not compatible with Code 1.92.2. Extension requires: ^1.94.0-20240918.
2024-12-10 20:20:15.623 [error] [/root/.vscode/extensions/ms-python.python-2024.18.1-linux-x64]: Extension is not compatible with Code 1.92.2. Extension requires: ^1.94.0-20240918.
2024-12-10 20:20:15.640 [error] [/root/.vscode/extensions/ms-python.python-2024.20.0-linux-x64]: Extension is not compatible with Code 1.92.2. Extension requires: ^1.94.0-20240918.
2024-12-10 20:20:17.392 [error] [/root/.vscode/extensions/katsute.code-background-3.0.1]: Extension is not compatible with Code 1.92.2. Extension requires: ^1.93.0.
2024-12-10 20:20:18.058 [error] [/root/.vscode/extensions/katsute.code-background-3.0.2]: Extension is not compatible with Code 1.92.2. Extension requires: ^1.93.0.
2024-12-10 20:20:18.058 [error] [/root/.vscode/extensions/mechatroner.rainbow-csv-3.13.0]: Extension is not compatible with Code 1.92.2. Extension requires: ^1.95.0.
2024-12-10 20:20:18.067 [error] [/root/.vscode/extensions/ms-python.python-2024.16.0-linux-x64]: Extension is not compatible with Code 1.92.2. Extension requires: ^1.94.0-20240918.
2024-12-10 20:20:18.069 [error] [/root/.vscode/extensions/ms-python.python-2024.16.1-linux-x64]: Extension is not compatible with Code 1.92.2. Extension requires: ^1.94.0-20240918.
2024-12-10 20:20:18.071 [error] [/root/.vscode/extensions/ms-python.python-2024.18.1-linux-x64]: Extension is not compatible with Code 1.92.2. Extension requires: ^1.94.0-20240918.
2024-12-10 20:20:18.080 [error] [/root/.vscode/extensions/ms-python.python-2024.20.0-linux-x64]: Extension is not compatible with Code 1.92.2. Extension requires: ^1.94.0-20240918.
2024-12-10 20:20:18.700 [error] [/root/.vscode/extensions/katsute.code-background-3.0.1]: Extension is not compatible with Code 1.92.2. Extension requires: ^1.93.0.
2024-12-10 20:20:18.708 [error] [/root/.vscode/extensions/katsute.code-background-3.0.2]: Extension is not compatible with Code 1.92.2. Extension requires: ^1.93.0.
2024-12-10 20:20:18.712 [error] [/root/.vscode/extensions/mechatroner.rainbow-csv-3.13.0]: Extension is not compatible with Code 1.92.2. Extension requires: ^1.95.0.
2024-12-10 20:20:18.733 [error] [/root/.vscode/extensions/ms-python.python-2024.16.0-linux-x64]: Extension is not compatible with Code 1.92.2. Extension requires: ^1.94.0-20240918.
2024-12-10 20:20:18.743 [error] [/root/.vscode/extensions/ms-python.python-2024.16.1-linux-x64]: Extension is not compatible with Code 1.92.2. Extension requires: ^1.94.0-20240918.
2024-12-10 20:20:18.751 [error] [/root/.vscode/extensions/ms-python.python-2024.18.1-linux-x64]: Extension is not compatible with Code 1.92.2. Extension requires: ^1.94.0-20240918.
2024-12-10 20:20:18.761 [error] [/root/.vscode/extensions/ms-python.python-2024.20.0-linux-x64]: Extension is not compatible with Code 1.92.2. Extension requires: ^1.94.0-20240918.
2024-12-10 20:20:19.517 [error] [/root/.vscode/extensions/katsute.code-background-3.0.1]: Extension is not compatible with Code 1.92.2. Extension requires: ^1.93.0.
2024-12-10 20:20:19.520 [error] [/root/.vscode/extensions/katsute.code-background-3.0.2]: Extension is not compatible with Code 1.92.2. Extension requires: ^1.93.0.
2024-12-10 20:20:19.527 [error] [/root/.vscode/extensions/mechatroner.rainbow-csv-3.13.0]: Extension is not compatible with Code 1.92.2. Extension requires: ^1.95.0.
2024-12-10 20:20:19.579 [error] [/root/.vscode/extensions/ms-python.python-2024.16.0-linux-x64]: Extension is not compatible with Code 1.92.2. Extension requires: ^1.94.0-20240918.
2024-12-10 20:20:19.600 [error] [/root/.vscode/extensions/ms-python.python-2024.16.1-linux-x64]: Extension is not compatible with Code 1.92.2. Extension requires: ^1.94.0-20240918.
2024-12-10 20:20:19.603 [error] [/root/.vscode/extensions/ms-python.python-2024.18.1-linux-x64]: Extension is not compatible with Code 1.92.2. Extension requires: ^1.94.0-20240918.
2024-12-10 20:20:19.613 [error] [/root/.vscode/extensions/ms-python.python-2024.20.0-linux-x64]: Extension is not compatible with Code 1.92.2. Extension requires: ^1.94.0-20240918.
2024-12-10 20:20:20.131 [info] Getting Manifest... katsute.code-background
2024-12-10 20:20:20.215 [info] Getting Manifest... mechatroner.rainbow-csv
2024-12-10 20:20:20.220 [info] Getting Manifest... ms-python.python
2024-12-10 20:20:20.332 [info] Installing extension: katsute.code-background {"productVersion":{"version":"1.95.3","date":"2024-11-13T14:51:32.275Z"},"pinned":false,"isApplicationScoped":false,"profileLocation":{"$mid":1,"external":"vscode-userdata:/root/.vscode/extensions/extensions.json","path":"/root/.vscode/extensions/extensions.json","scheme":"vscode-userdata"},"installOnlyNewlyAddedFromExtensionPack":true}
2024-12-10 20:20:20.338 [error] [/root/.vscode/extensions/katsute.code-background-3.0.1]: Extension is not compatible with Code 1.92.2. Extension requires: ^1.93.0.
2024-12-10 20:20:20.339 [error] [/root/.vscode/extensions/katsute.code-background-3.0.2]: Extension is not compatible with Code 1.92.2. Extension requires: ^1.93.0.
2024-12-10 20:20:20.340 [error] [/root/.vscode/extensions/mechatroner.rainbow-csv-3.13.0]: Extension is not compatible with Code 1.92.2. Extension requires: ^1.95.0.
2024-12-10 20:20:20.342 [error] [/root/.vscode/extensions/ms-python.python-2024.16.0-linux-x64]: Extension is not compatible with Code 1.92.2. Extension requires: ^1.94.0-20240918.
2024-12-10 20:20:20.342 [error] [/root/.vscode/extensions/ms-python.python-2024.16.1-linux-x64]: Extension is not compatible with Code 1.92.2. Extension requires: ^1.94.0-20240918.
2024-12-10 20:20:20.342 [error] [/root/.vscode/extensions/ms-python.python-2024.18.1-linux-x64]: Extension is not compatible with Code 1.92.2. Extension requires: ^1.94.0-20240918.
2024-12-10 20:20:20.343 [error] [/root/.vscode/extensions/ms-python.python-2024.20.0-linux-x64]: Extension is not compatible with Code 1.92.2. Extension requires: ^1.94.0-20240918.
2024-12-10 20:20:20.529 [info] Installing extension: mechatroner.rainbow-csv {"productVersion":{"version":"1.95.3","date":"2024-11-13T14:51:32.275Z"},"pinned":false,"isApplicationScoped":false,"profileLocation":{"$mid":1,"external":"vscode-userdata:/root/.vscode/extensions/extensions.json","path":"/root/.vscode/extensions/extensions.json","scheme":"vscode-userdata"},"installOnlyNewlyAddedFromExtensionPack":true}
2024-12-10 20:20:20.532 [info] Installing extension: ms-python.python {"productVersion":{"version":"1.95.3","date":"2024-11-13T14:51:32.275Z"},"pinned":false,"isApplicationScoped":false,"profileLocation":{"$mid":1,"external":"vscode-userdata:/root/.vscode/extensions/extensions.json","path":"/root/.vscode/extensions/extensions.json","scheme":"vscode-userdata"},"installOnlyNewlyAddedFromExtensionPack":true}
2024-12-10 20:20:23.537 [error] [/root/.vscode/extensions/katsute.code-background-3.0.2]: Extension is not compatible with Code 1.92.2. Extension requires: ^1.93.0.
2024-12-10 20:20:23.538 [error] [/root/.vscode/extensions/katsute.code-background-3.0.1]: Extension is not compatible with Code 1.92.2. Extension requires: ^1.93.0.
2024-12-10 20:20:23.541 [error] [/root/.vscode/extensions/mechatroner.rainbow-csv-3.13.0]: Extension is not compatible with Code 1.92.2. Extension requires: ^1.95.0.
2024-12-10 20:20:23.584 [error] [/root/.vscode/extensions/ms-python.python-2024.16.0-linux-x64]: Extension is not compatible with Code 1.92.2. Extension requires: ^1.94.0-20240918.
2024-12-10 20:20:23.589 [error] [/root/.vscode/extensions/ms-python.python-2024.16.1-linux-x64]: Extension is not compatible with Code 1.92.2. Extension requires: ^1.94.0-20240918.
2024-12-10 20:20:23.590 [error] [/root/.vscode/extensions/ms-python.python-2024.18.1-linux-x64]: Extension is not compatible with Code 1.92.2. Extension requires: ^1.94.0-20240918.
2024-12-10 20:20:23.593 [error] [/root/.vscode/extensions/ms-python.python-2024.20.0-linux-x64]: Extension is not compatible with Code 1.92.2. Extension requires: ^1.94.0-20240918.
2024-12-10 20:20:23.647 [error] Error while installing the extension katsute.code-background Cannot read the extension from /root/.vscode/extensions/katsute.code-background-3.0.2 vscode-userdata:/root/.vscode/extensions/extensions.json
2024-12-10 20:20:23.797 [error] [/root/.vscode/extensions/katsute.code-background-3.0.1]: Extension is not compatible with Code 1.92.2. Extension requires: ^1.93.0.
2024-12-10 20:20:23.798 [error] [/root/.vscode/extensions/katsute.code-background-3.0.2]: Extension is not compatible with Code 1.92.2. Extension requires: ^1.93.0.
2024-12-10 20:20:23.802 [error] [/root/.vscode/extensions/mechatroner.rainbow-csv-3.13.0]: Extension is not compatible with Code 1.92.2. Extension requires: ^1.95.0.
2024-12-10 20:20:23.964 [error] [/root/.vscode/extensions/katsute.code-background-3.0.1]: Extension is not compatible with Code 1.92.2. Extension requires: ^1.93.0.
2024-12-10 20:20:23.966 [error] [/root/.vscode/extensions/katsute.code-background-3.0.2]: Extension is not compatible with Code 1.92.2. Extension requires: ^1.93.0.
2024-12-10 20:20:23.975 [error] [/root/.vscode/extensions/mechatroner.rainbow-csv-3.13.0]: Extension is not compatible with Code 1.92.2. Extension requires: ^1.95.0.
2024-12-10 20:20:24.004 [error] [/root/.vscode/extensions/ms-python.python-2024.16.0-linux-x64]: Extension is not compatible with Code 1.92.2. Extension requires: ^1.94.0-20240918.
2024-12-10 20:20:24.008 [error] [/root/.vscode/extensions/ms-python.python-2024.16.1-linux-x64]: Extension is not compatible with Code 1.92.2. Extension requires: ^1.94.0-20240918.
2024-12-10 20:20:24.012 [error] [/root/.vscode/extensions/ms-python.python-2024.18.1-linux-x64]: Extension is not compatible with Code 1.92.2. Extension requires: ^1.94.0-20240918.
2024-12-10 20:20:24.015 [error] [/root/.vscode/extensions/ms-python.python-2024.20.0-linux-x64]: Extension is not compatible with Code 1.92.2. Extension requires: ^1.94.0-20240918.
2024-12-10 20:20:24.062 [error] [/root/.vscode/extensions/ms-python.python-2024.16.0-linux-x64]: Extension is not compatible with Code 1.92.2. Extension requires: ^1.94.0-20240918.
2024-12-10 20:20:24.069 [error] [/root/.vscode/extensions/ms-python.python-2024.16.1-linux-x64]: Extension is not compatible with Code 1.92.2. Extension requires: ^1.94.0-20240918.
2024-12-10 20:20:24.070 [error] [/root/.vscode/extensions/ms-python.python-2024.18.1-linux-x64]: Extension is not compatible with Code 1.92.2. Extension requires: ^1.94.0-20240918.
2024-12-10 20:20:24.078 [error] [/root/.vscode/extensions/ms-python.python-2024.20.0-linux-x64]: Extension is not compatible with Code 1.92.2. Extension requires: ^1.94.0-20240918.
2024-12-10 20:20:24.127 [error] Error while installing the extension mechatroner.rainbow-csv Cannot read the extension from /root/.vscode/extensions/mechatroner.rainbow-csv-3.13.0 vscode-userdata:/root/.vscode/extensions/extensions.json
2024-12-10 20:20:24.213 [error] [/root/.vscode/extensions/katsute.code-background-3.0.1]: Extension is not compatible with Code 1.92.2. Extension requires: ^1.93.0.
2024-12-10 20:20:24.216 [error] [/root/.vscode/extensions/katsute.code-background-3.0.2]: Extension is not compatible with Code 1.92.2. Extension requires: ^1.93.0.
2024-12-10 20:20:24.219 [error] [/root/.vscode/extensions/mechatroner.rainbow-csv-3.13.0]: Extension is not compatible with Code 1.92.2. Extension requires: ^1.95.0.
2024-12-10 20:20:24.233 [error] [/root/.vscode/extensions/ms-python.python-2024.16.0-linux-x64]: Extension is not compatible with Code 1.92.2. Extension requires: ^1.94.0-20240918.
2024-12-10 20:20:24.247 [error] [/root/.vscode/extensions/ms-python.python-2024.16.1-linux-x64]: Extension is not compatible with Code 1.92.2. Extension requires: ^1.94.0-20240918.
2024-12-10 20:20:24.250 [error] [/root/.vscode/extensions/ms-python.python-2024.18.1-linux-x64]: Extension is not compatible with Code 1.92.2. Extension requires: ^1.94.0-20240918.
2024-12-10 20:20:24.253 [error] [/root/.vscode/extensions/ms-python.python-2024.20.0-linux-x64]: Extension is not compatible with Code 1.92.2. Extension requires: ^1.94.0-20240918.
2024-12-10 20:20:24.262 [error] Error while installing the extension ms-python.python Cannot read the extension from /root/.vscode/extensions/ms-python.python-2024.20.0-linux-x64 vscode-userdata:/root/.vscode/extensions/extensions.json
2024-12-10 20:25:25.278 [error] [/root/.vscode/extensions/katsute.code-background-3.0.2]: Extension is not compatible with Code 1.92.2. Extension requires: ^1.93.0.
2024-12-10 20:25:25.280 [error] [/root/.vscode/extensions/katsute.code-background-3.0.1]: Extension is not compatible with Code 1.92.2. Extension requires: ^1.93.0.
2024-12-10 20:25:25.284 [error] [/root/.vscode/extensions/mechatroner.rainbow-csv-3.13.0]: Extension is not compatible with Code 1.92.2. Extension requires: ^1.95.0.
2024-12-10 20:25:25.415 [error] [/root/.vscode/extensions/ms-python.python-2024.16.1-linux-x64]: Extension is not compatible with Code 1.92.2. Extension requires: ^1.94.0-20240918.
2024-12-10 20:25:25.427 [error] [/root/.vscode/extensions/ms-python.python-2024.20.0-linux-x64]: Extension is not compatible with Code 1.92.2. Extension requires: ^1.94.0-20240918.
2024-12-10 20:25:25.441 [error] [/root/.vscode/extensions/ms-python.python-2024.18.1-linux-x64]: Extension is not compatible with Code 1.92.2. Extension requires: ^1.94.0-20240918.
2024-12-10 20:25:25.448 [error] [/root/.vscode/extensions/ms-python.python-2024.16.0-linux-x64]: Extension is not compatible with Code 1.92.2. Extension requires: ^1.94.0-20240918.
2024-12-10 20:30:25.752 [error] [/root/.vscode/extensions/katsute.code-background-3.0.1]: Extension is not compatible with Code 1.92.2. Extension requires: ^1.93.0.
2024-12-10 20:30:25.768 [error] [/root/.vscode/extensions/katsute.code-background-3.0.2]: Extension is not compatible with Code 1.92.2. Extension requires: ^1.93.0.
2024-12-10 20:30:25.769 [error] [/root/.vscode/extensions/mechatroner.rainbow-csv-3.13.0]: Extension is not compatible with Code 1.92.2. Extension requires: ^1.95.0.
2024-12-10 20:30:25.769 [error] [/root/.vscode/extensions/ms-python.python-2024.16.0-linux-x64]: Extension is not compatible with Code 1.92.2. Extension requires: ^1.94.0-20240918.
2024-12-10 20:30:25.770 [error] [/root/.vscode/extensions/ms-python.python-2024.16.1-linux-x64]: Extension is not compatible with Code 1.92.2. Extension requires: ^1.94.0-20240918.
2024-12-10 20:30:25.783 [error] [/root/.vscode/extensions/ms-python.python-2024.18.1-linux-x64]: Extension is not compatible with Code 1.92.2. Extension requires: ^1.94.0-20240918.
2024-12-10 20:30:25.792 [error] [/root/.vscode/extensions/ms-python.python-2024.20.0-linux-x64]: Extension is not compatible with Code 1.92.2. Extension requires: ^1.94.0-20240918.
2024-12-10 20:35:26.077 [error] [/root/.vscode/extensions/katsute.code-background-3.0.1]: Extension is not compatible with Code 1.92.2. Extension requires: ^1.93.0.
2024-12-10 20:35:26.077 [error] [/root/.vscode/extensions/katsute.code-background-3.0.2]: Extension is not compatible with Code 1.92.2. Extension requires: ^1.93.0.
2024-12-10 20:35:26.081 [error] [/root/.vscode/extensions/mechatroner.rainbow-csv-3.13.0]: Extension is not compatible with Code 1.92.2. Extension requires: ^1.95.0.
2024-12-10 20:35:26.099 [error] [/root/.vscode/extensions/ms-python.python-2024.16.0-linux-x64]: Extension is not compatible with Code 1.92.2. Extension requires: ^1.94.0-20240918.
2024-12-10 20:35:26.101 [error] [/root/.vscode/extensions/ms-python.python-2024.16.1-linux-x64]: Extension is not compatible with Code 1.92.2. Extension requires: ^1.94.0-20240918.
2024-12-10 20:35:26.106 [error] [/root/.vscode/extensions/ms-python.python-2024.18.1-linux-x64]: Extension is not compatible with Code 1.92.2. Extension requires: ^1.94.0-20240918.
2024-12-10 20:35:26.108 [error] [/root/.vscode/extensions/ms-python.python-2024.20.0-linux-x64]: Extension is not compatible with Code 1.92.2. Extension requires: ^1.94.0-20240918.
2024-12-10 20:40:27.088 [error] [/root/.vscode/extensions/katsute.code-background-3.0.2]: Extension is not compatible with Code 1.92.2. Extension requires: ^1.93.0.
2024-12-10 20:40:27.112 [error] [/root/.vscode/extensions/katsute.code-background-3.0.1]: Extension is not compatible with Code 1.92.2. Extension requires: ^1.93.0.
2024-12-10 20:40:27.113 [error] [/root/.vscode/extensions/mechatroner.rainbow-csv-3.13.0]: Extension is not compatible with Code 1.92.2. Extension requires: ^1.95.0.
2024-12-10 20:40:27.215 [error] [/root/.vscode/extensions/ms-python.python-2024.16.0-linux-x64]: Extension is not compatible with Code 1.92.2. Extension requires: ^1.94.0-20240918.
2024-12-10 20:40:27.216 [error] [/root/.vscode/extensions/ms-python.python-2024.16.1-linux-x64]: Extension is not compatible with Code 1.92.2. Extension requires: ^1.94.0-20240918.
2024-12-10 20:40:27.221 [error] [/root/.vscode/extensions/ms-python.python-2024.18.1-linux-x64]: Extension is not compatible with Code 1.92.2. Extension requires: ^1.94.0-20240918.
2024-12-10 20:40:27.228 [error] [/root/.vscode/extensions/ms-python.python-2024.20.0-linux-x64]: Extension is not compatible with Code 1.92.2. Extension requires: ^1.94.0-20240918.
2024-12-10 20:45:28.793 [error] [/root/.vscode/extensions/katsute.code-background-3.0.1]: Extension is not compatible with Code 1.92.2. Extension requires: ^1.93.0.
2024-12-10 20:45:28.817 [error] [/root/.vscode/extensions/katsute.code-background-3.0.2]: Extension is not compatible with Code 1.92.2. Extension requires: ^1.93.0.
2024-12-10 20:45:28.938 [error] [/root/.vscode/extensions/ms-python.python-2024.16.1-linux-x64]: Extension is not compatible with Code 1.92.2. Extension requires: ^1.94.0-20240918.
2024-12-10 20:45:28.947 [error] [/root/.vscode/extensions/ms-python.python-2024.20.0-linux-x64]: Extension is not compatible with Code 1.92.2. Extension requires: ^1.94.0-20240918.
2024-12-10 20:45:28.960 [error] [/root/.vscode/extensions/mechatroner.rainbow-csv-3.13.0]: Extension is not compatible with Code 1.92.2. Extension requires: ^1.95.0.
2024-12-10 20:45:28.967 [error] [/root/.vscode/extensions/ms-python.python-2024.18.1-linux-x64]: Extension is not compatible with Code 1.92.2. Extension requires: ^1.94.0-20240918.
2024-12-10 20:45:28.977 [error] [/root/.vscode/extensions/ms-python.python-2024.16.0-linux-x64]: Extension is not compatible with Code 1.92.2. Extension requires: ^1.94.0-20240918.
2024-12-10 20:50:29.384 [error] [/root/.vscode/extensions/katsute.code-background-3.0.1]: Extension is not compatible with Code 1.92.2. Extension requires: ^1.93.0.
2024-12-10 20:50:29.385 [error] [/root/.vscode/extensions/katsute.code-background-3.0.2]: Extension is not compatible with Code 1.92.2. Extension requires: ^1.93.0.
2024-12-10 20:50:29.388 [error] [/root/.vscode/extensions/mechatroner.rainbow-csv-3.13.0]: Extension is not compatible with Code 1.92.2. Extension requires: ^1.95.0.
2024-12-10 20:50:29.396 [error] [/root/.vscode/extensions/ms-python.python-2024.16.0-linux-x64]: Extension is not compatible with Code 1.92.2. Extension requires: ^1.94.0-20240918.
2024-12-10 20:50:29.399 [error] [/root/.vscode/extensions/ms-python.python-2024.16.1-linux-x64]: Extension is not compatible with Code 1.92.2. Extension requires: ^1.94.0-20240918.
2024-12-10 20:50:29.401 [error] [/root/.vscode/extensions/ms-python.python-2024.18.1-linux-x64]: Extension is not compatible with Code 1.92.2. Extension requires: ^1.94.0-20240918.
2024-12-10 20:50:29.404 [error] [/root/.vscode/extensions/ms-python.python-2024.20.0-linux-x64]: Extension is not compatible with Code 1.92.2. Extension requires: ^1.94.0-20240918.
2024-12-10 20:55:29.649 [error] [/root/.vscode/extensions/katsute.code-background-3.0.1]: Extension is not compatible with Code 1.92.2. Extension requires: ^1.93.0.
2024-12-10 20:55:29.651 [error] [/root/.vscode/extensions/katsute.code-background-3.0.2]: Extension is not compatible with Code 1.92.2. Extension requires: ^1.93.0.
2024-12-10 20:55:29.656 [error] [/root/.vscode/extensions/mechatroner.rainbow-csv-3.13.0]: Extension is not compatible with Code 1.92.2. Extension requires: ^1.95.0.
2024-12-10 20:55:29.663 [error] [/root/.vscode/extensions/ms-python.python-2024.16.0-linux-x64]: Extension is not compatible with Code 1.92.2. Extension requires: ^1.94.0-20240918.
2024-12-10 20:55:29.670 [error] [/root/.vscode/extensions/ms-python.python-2024.16.1-linux-x64]: Extension is not compatible with Code 1.92.2. Extension requires: ^1.94.0-20240918.
2024-12-10 20:55:29.671 [error] [/root/.vscode/extensions/ms-python.python-2024.18.1-linux-x64]: Extension is not compatible with Code 1.92.2. Extension requires: ^1.94.0-20240918.
2024-12-10 20:55:29.677 [error] [/root/.vscode/extensions/ms-python.python-2024.20.0-linux-x64]: Extension is not compatible with Code 1.92.2. Extension requires: ^1.94.0-20240918.
2024-12-10 21:00:29.918 [error] [/root/.vscode/extensions/katsute.code-background-3.0.1]: Extension is not compatible with Code 1.92.2. Extension requires: ^1.93.0.
2024-12-10 21:00:29.919 [error] [/root/.vscode/extensions/katsute.code-background-3.0.2]: Extension is not compatible with Code 1.92.2. Extension requires: ^1.93.0.
2024-12-10 21:00:29.923 [error] [/root/.vscode/extensions/mechatroner.rainbow-csv-3.13.0]: Extension is not compatible with Code 1.92.2. Extension requires: ^1.95.0.
2024-12-10 21:00:29.940 [error] [/root/.vscode/extensions/ms-python.python-2024.16.0-linux-x64]: Extension is not compatible with Code 1.92.2. Extension requires: ^1.94.0-20240918.
2024-12-10 21:00:29.944 [error] [/root/.vscode/extensions/ms-python.python-2024.16.1-linux-x64]: Extension is not compatible with Code 1.92.2. Extension requires: ^1.94.0-20240918.
2024-12-10 21:00:29.947 [error] [/root/.vscode/extensions/ms-python.python-2024.18.1-linux-x64]: Extension is not compatible with Code 1.92.2. Extension requires: ^1.94.0-20240918.
2024-12-10 21:00:29.955 [error] [/root/.vscode/extensions/ms-python.python-2024.20.0-linux-x64]: Extension is not compatible with Code 1.92.2. Extension requires: ^1.94.0-20240918.
