[1733748994574] INFO  (ext): SQLTools is starting
[1733748994635] INFO  (ext): initializing language client...
[1733748994637] INFO  (ext): Registering client for languages [{"scheme":"sqltools"},{"language":"sql","scheme":"untitled"},{"language":"sql","scheme":"file"},{"language":"sql","scheme":"sqltools"}]
    ns: "lc"
[1733748994647] INFO  (ext): loading plugins...
[1733748994648] INFO  (ext): registering Formatter Plugin.
    plugin: {
      "name": "Formatter Plugin"
    }
[1733748994649] INFO  (ext): registering Connection Manager Plugin.
    plugin: {
      "name": "Connection Manager Plugin"
    }
[1733748994650] INFO  (ext): registering CodeLens Plugin.
    plugin: {
      "name": "CodeLens Plugin",
      "registeredLanguages": []
    }
[1733748994653] INFO  (ext): registering Dependency Manager Plugin.
    plugin: {
      "name": "Dependency Manager Plugin",
      "installingDrivers": []
    }
[1733748994660] INFO  (ext): Connection explorer changed. Will be updated.
    ns: "conn-man:explorer"
[1733748994661] INFO  (ext): registering History Manager Plugin.
    plugin: {
      "name": "History Manager Plugin"
    }
[1733748994662] INFO  (ext): registering Bookmarks Manager Plugin.
    plugin: {
      "name": "Bookmarks Manager Plugin"
    }
[1733748994690] INFO  (ext): registering Authentication Provider Plugin.
    plugin: {
      "name": "Authentication Provider Plugin",
      "isRegistered": false
    }
[1733748994691] INFO  (ext): registering Object Drop-in Provider (plugin).
    plugin: {
      "type": "plugin",
      "name": "Object Drop-in Provider",
      "isRegistered": false
    }
[1733748994695] INFO  (ext): SQLTools activation completed. 119.955537 ms
[1733748994709] INFO  (ext): Formatter Plugin registered!
[1733748994709] INFO  (ext): CodeLens Plugin registered!
[1733748994709] INFO  (ext): Dependency Manager Plugin registered!
[1733748994710] INFO  (ext): Connection Manager Plugin registered!
[1733748994710] INFO  (ext): History Manager Plugin registered!
[1733748994710] INFO  (ext): Bookmarks Manager Plugin registered!
[1733748994710] INFO  (ext): Authentication Provider Plugin registered!
[1733748994710] INFO  (ext): Object Drop-in Provider (plugin) registered!
[1733748995394] INFO  (ls): SQLTools Server started!
===============================
Using node runtime?: no
ExecPath: /usr/share/code/code 
===============================
[1733748996237] INFO  (ext): LanguageClient ready
    ns: "lc"
[1733748996238] INFO  (ext): EXECUTING COMMAND => sqltools.refreshTree
[1733748996239] INFO  (ext): Connection explorer changed. Will be updated.
    ns: "conn-man:explorer"
[1733748996233] INFO  (ls): Initialized with node version:v20.14.0
[1733748996360] INFO  (ext): registering MySQL/MariaDB/TiDB Plugin (driver).
    plugin: {
      "extensionId": "mtxr.sqltools-driver-mysql",
      "name": "MySQL/MariaDB/TiDB Plugin",
      "type": "driver"
    }
[1733748996362] INFO  (ext): registering PostgreSQL/Cockroach Plugin (driver).
    plugin: {
      "extensionId": "mtxr.sqltools-driver-pg",
      "name": "PostgreSQL/Cockroach Plugin",
      "type": "driver"
    }
[1733748996361] INFO  (ls): REQUEST RECEIVED => ls/RegisterPlugin
[1733748996362] INFO  (ls): request to register plugin: "/root/.vscode/extensions/mtxr.sqltools-driver-mysql-0.6.3/out/ls/plugin.js"
[1733748997313] INFO  (ls): Driver mysql registered!
    place: "driver-map"
    ns: "ls-context"
[1733748997314] INFO  (ls): Driver mariadb registered!
    place: "driver-map"
    ns: "ls-context"
[1733748997314] INFO  (ls): Driver tidb registered!
    place: "driver-map"
    ns: "ls-context"
[1733748997315] INFO  (ls): REQUEST RECEIVED => ls/RegisterPlugin
[1733748997315] INFO  (ls): request to register plugin: "/root/.vscode/extensions/mtxr.sqltools-driver-pg-0.5.4/out/ls/plugin.js"
[1733748997612] INFO  (ls): Driver postgresql registered!
    place: "driver-map"
    ns: "ls-context"
[1733748997612] INFO  (ls): Driver aws redshift registered!
    place: "driver-map"
    ns: "ls-context"
[1733748997612] INFO  (ls): Driver cockroachdb registered!
    place: "driver-map"
    ns: "ls-context"
[1733749002520] INFO  (ext): MySQL/MariaDB/TiDB Plugin (driver) registered!
[1733749002522] INFO  (ext): Connection explorer changed. Will be updated.
    ns: "conn-man:explorer"
[1733749004288] INFO  (ext): PostgreSQL/Cockroach Plugin (driver) registered!
[1733749004405] INFO  (ext): Connection explorer changed. Will be updated.
    ns: "conn-man:explorer"
[1733749005477] INFO  (ext): EXECUTING COMMAND => sqltools.refreshTree
[1733749005477] INFO  (ext): Connection explorer changed. Will be updated.
    ns: "conn-man:explorer"
